<?xml version="1.0" encoding="UTF-8"?>
<beans xmlns="http://www.springframework.org/schema/beans"
	xmlns:xsi="http://www.w3.org/2001/XMLSchema-instance"
	xsi:schemaLocation="http://www.springframework.org/schema/beans http://www.springframework.org/schema/beans/spring-beans.xsd
                http://www.springframework.org/schema/context http://www.springframework.org/schema/context/spring-context.xsd
                http://www.springframework.org/schema/integration http://www.springframework.org/schema/integration/spring-integration.xsd
                http://www.springframework.org/schema/integration/twitter http://www.springframework.org/schema/integration/twitter/spring-integration-twitter.xsd"
	xmlns:context="http://www.springframework.org/schema/context"
	xmlns:int="http://www.springframework.org/schema/integration"
	xmlns:int-twitter="http://www.springframework.org/schema/integration/twitter">

	<context:property-placeholder location="classpath:test-full-batch.properties" />
	
	<bean id="transactionManager" 
		class="org.springframework.batch.support.transaction.ResourcelessTransactionManager" />
	<bean id="jobRepository" 
		class="org.springframework.batch.core.repository.support.MapJobRepositoryFactoryBean" />
	<bean id="jobLauncher"
		class="org.springframework.batch.core.launch.support.SimpleJobLauncher">
		<property name="jobRepository" ref="jobRepository" />
	</bean>

	<import resource="classpath:/config/module.xml" />
	
	<bean class="org.springframework.batch.test.JobLauncherTestUtils"/>
	
</beans>
